{"uuid":"037e748d-25bd-4e86-9282-e923cd3074b0","historyId":"c4a3584efd1ea32766022b3eef6646d3","fullName":"Array: User validate Arrays using list page","labels":[{"name":"tag","value":"tag"},{"name":"tag","value":"tagarraylist"},{"name":"host","value":"VasanthiHemadri"},{"name":"thread","value":"12168@VasanthiHemadri.main(1)"},{"name":"feature","value":"Array"},{"name":"story","value":"User validate Arrays using list page"},{"name":"suite","value":"Array"},{"name":"testClass","value":"User validate Arrays using list page"},{"name":"framework","value":"cucumber4jvm"},{"name":"language","value":"java"},{"name":"gherkin_uri","value":"file:///E:/Vasanthi-SDET/WorkspaceNew/NinjaProject_A/src/test/resources/Features/TC005_array.feature"},{"name":"package","value":"src.test.resources.Features.TC005_array_feature.Array"}],"links":[],"name":"User validate Arrays using list page","status":"broken","statusDetails":{"known":false,"muted":false,"flaky":false,"message":"no such element: Unable to locate element: {\"method\":\"xpath\",\"selector\":\"//a[contains(text(),'Arrays Using List')]\"}\n  (Session info: chrome=109.0.5414.75)\nFor documentation on this error, please visit: https://selenium.dev/exceptions/#no_such_element\nBuild info: version: '4.5.3', revision: '4b786a1e430'\nSystem info: os.name: 'Windows 11', os.arch: 'amd64', os.version: '10.0', java.version: '19.0.1'\nDriver info: org.openqa.selenium.chrome.ChromeDriver\nCommand: [129b2ec2175b472edb4395d0fbaf0f62, findElement {using=xpath, value=//a[contains(text(),'Arrays Using List')]}]\nCapabilities {acceptInsecureCerts: false, browserName: chrome, browserVersion: 109.0.5414.75, chrome: {chromedriverVersion: 109.0.5414.74 (e7c5703604da..., userDataDir: C:\\Users\\thann\\AppData\\Loca...}, goog:chromeOptions: {debuggerAddress: localhost:55272}, networkConnectionEnabled: false, pageLoadStrategy: normal, platformName: WINDOWS, proxy: Proxy(), se:cdp: ws://localhost:55272/devtoo..., se:cdpVersion: 109.0.5414.75, setWindowRect: true, strictFileInteractability: false, timeouts: {implicit: 0, pageLoad: 300000, script: 30000}, unhandledPromptBehavior: dismiss and notify, webauthn:extension:credBlob: true, webauthn:extension:largeBlob: true, webauthn:virtualAuthenticators: true}\nSession ID: 129b2ec2175b472edb4395d0fbaf0f62","trace":"org.openqa.selenium.NoSuchElementException: no such element: Unable to locate element: {\"method\":\"xpath\",\"selector\":\"//a[contains(text(),'Arrays Using List')]\"}\n  (Session info: chrome=109.0.5414.75)\nFor documentation on this error, please visit: https://selenium.dev/exceptions/#no_such_element\nBuild info: version: '4.5.3', revision: '4b786a1e430'\nSystem info: os.name: 'Windows 11', os.arch: 'amd64', os.version: '10.0', java.version: '19.0.1'\nDriver info: org.openqa.selenium.chrome.ChromeDriver\nCommand: [129b2ec2175b472edb4395d0fbaf0f62, findElement {using=xpath, value=//a[contains(text(),'Arrays Using List')]}]\nCapabilities {acceptInsecureCerts: false, browserName: chrome, browserVersion: 109.0.5414.75, chrome: {chromedriverVersion: 109.0.5414.74 (e7c5703604da..., userDataDir: C:\\Users\\thann\\AppData\\Loca...}, goog:chromeOptions: {debuggerAddress: localhost:55272}, networkConnectionEnabled: false, pageLoadStrategy: normal, platformName: WINDOWS, proxy: Proxy(), se:cdp: ws://localhost:55272/devtoo..., se:cdpVersion: 109.0.5414.75, setWindowRect: true, strictFileInteractability: false, timeouts: {implicit: 0, pageLoad: 300000, script: 30000}, unhandledPromptBehavior: dismiss and notify, webauthn:extension:credBlob: true, webauthn:extension:largeBlob: true, webauthn:virtualAuthenticators: true}\nSession ID: 129b2ec2175b472edb4395d0fbaf0f62\r\n\tat java.base/jdk.internal.reflect.DirectConstructorHandleAccessor.newInstance(DirectConstructorHandleAccessor.java:67)\r\n\tat java.base/java.lang.reflect.Constructor.newInstanceWithCaller(Constructor.java:500)\r\n\tat java.base/java.lang.reflect.Constructor.newInstance(Constructor.java:484)\r\n\tat org.openqa.selenium.remote.codec.w3c.W3CHttpResponseCodec.createException(W3CHttpResponseCodec.java:200)\r\n\tat org.openqa.selenium.remote.codec.w3c.W3CHttpResponseCodec.decode(W3CHttpResponseCodec.java:133)\r\n\tat org.openqa.selenium.remote.codec.w3c.W3CHttpResponseCodec.decode(W3CHttpResponseCodec.java:53)\r\n\tat org.openqa.selenium.remote.HttpCommandExecutor.execute(HttpCommandExecutor.java:184)\r\n\tat org.openqa.selenium.remote.service.DriverCommandExecutor.invokeExecute(DriverCommandExecutor.java:167)\r\n\tat org.openqa.selenium.remote.service.DriverCommandExecutor.execute(DriverCommandExecutor.java:142)\r\n\tat org.openqa.selenium.remote.RemoteWebDriver.execute(RemoteWebDriver.java:541)\r\n\tat org.openqa.selenium.remote.ElementLocation$ElementFinder$2.findElement(ElementLocation.java:162)\r\n\tat org.openqa.selenium.remote.ElementLocation.findElement(ElementLocation.java:60)\r\n\tat org.openqa.selenium.remote.RemoteWebDriver.findElement(RemoteWebDriver.java:365)\r\n\tat org.openqa.selenium.remote.RemoteWebDriver.findElement(RemoteWebDriver.java:357)\r\n\tat pageObjectModel.array.Cickonarraylist(array.java:73)\r\n\tat stepdefinition.ninjaArray.user_click_on_arrays_using_list(ninjaArray.java:63)\r\n\tat ✽.User click on Arrays using list(file:///E:/Vasanthi-SDET/WorkspaceNew/NinjaProject_A/src/test/resources/Features/TC005_array.feature:38)\r\n"},"stage":"finished","description":"  I want to use this template for my feature file","steps":[{"name":"When  User click on Arrays using list","status":"broken","statusDetails":{"known":false,"muted":false,"flaky":false,"message":"no such element: Unable to locate element: {\"method\":\"xpath\",\"selector\":\"//a[contains(text(),'Arrays Using List')]\"}\n  (Session info: chrome=109.0.5414.75)\nFor documentation on this error, please visit: https://selenium.dev/exceptions/#no_such_element\nBuild info: version: '4.5.3', revision: '4b786a1e430'\nSystem info: os.name: 'Windows 11', os.arch: 'amd64', os.version: '10.0', java.version: '19.0.1'\nDriver info: org.openqa.selenium.chrome.ChromeDriver\nCommand: [129b2ec2175b472edb4395d0fbaf0f62, findElement {using=xpath, value=//a[contains(text(),'Arrays Using List')]}]\nCapabilities {acceptInsecureCerts: false, browserName: chrome, browserVersion: 109.0.5414.75, chrome: {chromedriverVersion: 109.0.5414.74 (e7c5703604da..., userDataDir: C:\\Users\\thann\\AppData\\Loca...}, goog:chromeOptions: {debuggerAddress: localhost:55272}, networkConnectionEnabled: false, pageLoadStrategy: normal, platformName: WINDOWS, proxy: Proxy(), se:cdp: ws://localhost:55272/devtoo..., se:cdpVersion: 109.0.5414.75, setWindowRect: true, strictFileInteractability: false, timeouts: {implicit: 0, pageLoad: 300000, script: 30000}, unhandledPromptBehavior: dismiss and notify, webauthn:extension:credBlob: true, webauthn:extension:largeBlob: true, webauthn:virtualAuthenticators: true}\nSession ID: 129b2ec2175b472edb4395d0fbaf0f62","trace":"org.openqa.selenium.NoSuchElementException: no such element: Unable to locate element: {\"method\":\"xpath\",\"selector\":\"//a[contains(text(),'Arrays Using List')]\"}\n  (Session info: chrome=109.0.5414.75)\nFor documentation on this error, please visit: https://selenium.dev/exceptions/#no_such_element\nBuild info: version: '4.5.3', revision: '4b786a1e430'\nSystem info: os.name: 'Windows 11', os.arch: 'amd64', os.version: '10.0', java.version: '19.0.1'\nDriver info: org.openqa.selenium.chrome.ChromeDriver\nCommand: [129b2ec2175b472edb4395d0fbaf0f62, findElement {using=xpath, value=//a[contains(text(),'Arrays Using List')]}]\nCapabilities {acceptInsecureCerts: false, browserName: chrome, browserVersion: 109.0.5414.75, chrome: {chromedriverVersion: 109.0.5414.74 (e7c5703604da..., userDataDir: C:\\Users\\thann\\AppData\\Loca...}, goog:chromeOptions: {debuggerAddress: localhost:55272}, networkConnectionEnabled: false, pageLoadStrategy: normal, platformName: WINDOWS, proxy: Proxy(), se:cdp: ws://localhost:55272/devtoo..., se:cdpVersion: 109.0.5414.75, setWindowRect: true, strictFileInteractability: false, timeouts: {implicit: 0, pageLoad: 300000, script: 30000}, unhandledPromptBehavior: dismiss and notify, webauthn:extension:credBlob: true, webauthn:extension:largeBlob: true, webauthn:virtualAuthenticators: true}\nSession ID: 129b2ec2175b472edb4395d0fbaf0f62\r\n\tat java.base/jdk.internal.reflect.DirectConstructorHandleAccessor.newInstance(DirectConstructorHandleAccessor.java:67)\r\n\tat java.base/java.lang.reflect.Constructor.newInstanceWithCaller(Constructor.java:500)\r\n\tat java.base/java.lang.reflect.Constructor.newInstance(Constructor.java:484)\r\n\tat org.openqa.selenium.remote.codec.w3c.W3CHttpResponseCodec.createException(W3CHttpResponseCodec.java:200)\r\n\tat org.openqa.selenium.remote.codec.w3c.W3CHttpResponseCodec.decode(W3CHttpResponseCodec.java:133)\r\n\tat org.openqa.selenium.remote.codec.w3c.W3CHttpResponseCodec.decode(W3CHttpResponseCodec.java:53)\r\n\tat org.openqa.selenium.remote.HttpCommandExecutor.execute(HttpCommandExecutor.java:184)\r\n\tat org.openqa.selenium.remote.service.DriverCommandExecutor.invokeExecute(DriverCommandExecutor.java:167)\r\n\tat org.openqa.selenium.remote.service.DriverCommandExecutor.execute(DriverCommandExecutor.java:142)\r\n\tat org.openqa.selenium.remote.RemoteWebDriver.execute(RemoteWebDriver.java:541)\r\n\tat org.openqa.selenium.remote.ElementLocation$ElementFinder$2.findElement(ElementLocation.java:162)\r\n\tat org.openqa.selenium.remote.ElementLocation.findElement(ElementLocation.java:60)\r\n\tat org.openqa.selenium.remote.RemoteWebDriver.findElement(RemoteWebDriver.java:365)\r\n\tat org.openqa.selenium.remote.RemoteWebDriver.findElement(RemoteWebDriver.java:357)\r\n\tat pageObjectModel.array.Cickonarraylist(array.java:73)\r\n\tat stepdefinition.ninjaArray.user_click_on_arrays_using_list(ninjaArray.java:63)\r\n\tat ✽.User click on Arrays using list(file:///E:/Vasanthi-SDET/WorkspaceNew/NinjaProject_A/src/test/resources/Features/TC005_array.feature:38)\r\n"},"stage":"finished","steps":[],"attachments":[],"parameters":[],"start":1674521573493,"stop":1674521573509},{"name":"And  It should navigate to corresponding Arrays Using List page with title \"Arrays Using List\"","status":"skipped","statusDetails":{"known":false,"muted":false,"flaky":false},"stage":"finished","steps":[],"attachments":[],"parameters":[],"start":1674521573510,"stop":1674521573511},{"name":"Then  user click on Try here in Arrays Using List page","status":"skipped","statusDetails":{"known":false,"muted":false,"flaky":false},"stage":"finished","steps":[],"attachments":[],"parameters":[],"start":1674521573511,"stop":1674521573511},{"name":"And  It should navigate to corresponding Arrays Using List Assessment page with title \"Assessment\"","status":"skipped","statusDetails":{"known":false,"muted":false,"flaky":false},"stage":"finished","steps":[],"attachments":[],"parameters":[],"start":1674521573511,"stop":1674521573512},{"name":"When  user enter the Python code in Arrays Using List page","status":"skipped","statusDetails":{"known":false,"muted":false,"flaky":false},"stage":"finished","steps":[],"attachments":[],"parameters":[],"start":1674521573512,"stop":1674521573512},{"name":"And  click on run button in Arrays Using List Assessment page","status":"skipped","statusDetails":{"known":false,"muted":false,"flaky":false},"stage":"finished","steps":[],"attachments":[],"parameters":[],"start":1674521573512,"stop":1674521573513},{"name":"Then  User navigate back to Arrays Using List page","status":"skipped","statusDetails":{"known":false,"muted":false,"flaky":false},"stage":"finished","steps":[],"attachments":[],"parameters":[],"start":1674521573513,"stop":1674521573514}],"attachments":[],"parameters":[],"start":1674521573492,"stop":1674521573614}