{"uuid":"4124ffd5-df6c-48c0-aa1a-5271122e95e0","historyId":"b1fc517a6a1b58e86094e72734fae287","fullName":"Tree: User validates Binary Trees page","labels":[{"name":"tag","value":"tag"},{"name":"tag","value":"tagtreeBinary"},{"name":"host","value":"VasanthiHemadri"},{"name":"thread","value":"12168@VasanthiHemadri.main(1)"},{"name":"feature","value":"Tree"},{"name":"story","value":"User validates Binary Trees page"},{"name":"suite","value":"Tree"},{"name":"testClass","value":"User validates Binary Trees page"},{"name":"framework","value":"cucumber4jvm"},{"name":"language","value":"java"},{"name":"gherkin_uri","value":"file:///E:/Vasanthi-SDET/WorkspaceNew/NinjaProject_A/src/test/resources/Features/TC009_tree.feature"},{"name":"package","value":"src.test.resources.Features.TC009_tree_feature.Tree"}],"links":[],"name":"User validates Binary Trees page","status":"broken","statusDetails":{"known":false,"muted":false,"flaky":false,"message":"no such element: Unable to locate element: {\"method\":\"xpath\",\"selector\":\"//body/div[2]/div[1]/div[1]/div[1]/li[6]/a[1]\"}\n  (Session info: chrome=109.0.5414.75)\nFor documentation on this error, please visit: https://selenium.dev/exceptions/#no_such_element\nBuild info: version: '4.5.3', revision: '4b786a1e430'\nSystem info: os.name: 'Windows 11', os.arch: 'amd64', os.version: '10.0', java.version: '19.0.1'\nDriver info: org.openqa.selenium.chrome.ChromeDriver\nCommand: [129b2ec2175b472edb4395d0fbaf0f62, findElement {using=xpath, value=//body/div[2]/div[1]/div[1]/div[1]/li[6]/a[1]}]\nCapabilities {acceptInsecureCerts: false, browserName: chrome, browserVersion: 109.0.5414.75, chrome: {chromedriverVersion: 109.0.5414.74 (e7c5703604da..., userDataDir: C:\\Users\\thann\\AppData\\Loca...}, goog:chromeOptions: {debuggerAddress: localhost:55272}, networkConnectionEnabled: false, pageLoadStrategy: normal, platformName: WINDOWS, proxy: Proxy(), se:cdp: ws://localhost:55272/devtoo..., se:cdpVersion: 109.0.5414.75, setWindowRect: true, strictFileInteractability: false, timeouts: {implicit: 0, pageLoad: 300000, script: 30000}, unhandledPromptBehavior: dismiss and notify, webauthn:extension:credBlob: true, webauthn:extension:largeBlob: true, webauthn:virtualAuthenticators: true}\nSession ID: 129b2ec2175b472edb4395d0fbaf0f62","trace":"org.openqa.selenium.NoSuchElementException: no such element: Unable to locate element: {\"method\":\"xpath\",\"selector\":\"//body/div[2]/div[1]/div[1]/div[1]/li[6]/a[1]\"}\n  (Session info: chrome=109.0.5414.75)\nFor documentation on this error, please visit: https://selenium.dev/exceptions/#no_such_element\nBuild info: version: '4.5.3', revision: '4b786a1e430'\nSystem info: os.name: 'Windows 11', os.arch: 'amd64', os.version: '10.0', java.version: '19.0.1'\nDriver info: org.openqa.selenium.chrome.ChromeDriver\nCommand: [129b2ec2175b472edb4395d0fbaf0f62, findElement {using=xpath, value=//body/div[2]/div[1]/div[1]/div[1]/li[6]/a[1]}]\nCapabilities {acceptInsecureCerts: false, browserName: chrome, browserVersion: 109.0.5414.75, chrome: {chromedriverVersion: 109.0.5414.74 (e7c5703604da..., userDataDir: C:\\Users\\thann\\AppData\\Loca...}, goog:chromeOptions: {debuggerAddress: localhost:55272}, networkConnectionEnabled: false, pageLoadStrategy: normal, platformName: WINDOWS, proxy: Proxy(), se:cdp: ws://localhost:55272/devtoo..., se:cdpVersion: 109.0.5414.75, setWindowRect: true, strictFileInteractability: false, timeouts: {implicit: 0, pageLoad: 300000, script: 30000}, unhandledPromptBehavior: dismiss and notify, webauthn:extension:credBlob: true, webauthn:extension:largeBlob: true, webauthn:virtualAuthenticators: true}\nSession ID: 129b2ec2175b472edb4395d0fbaf0f62\r\n\tat java.base/jdk.internal.reflect.DirectConstructorHandleAccessor.newInstance(DirectConstructorHandleAccessor.java:67)\r\n\tat java.base/java.lang.reflect.Constructor.newInstanceWithCaller(Constructor.java:500)\r\n\tat java.base/java.lang.reflect.Constructor.newInstance(Constructor.java:484)\r\n\tat org.openqa.selenium.remote.codec.w3c.W3CHttpResponseCodec.createException(W3CHttpResponseCodec.java:200)\r\n\tat org.openqa.selenium.remote.codec.w3c.W3CHttpResponseCodec.decode(W3CHttpResponseCodec.java:133)\r\n\tat org.openqa.selenium.remote.codec.w3c.W3CHttpResponseCodec.decode(W3CHttpResponseCodec.java:53)\r\n\tat org.openqa.selenium.remote.HttpCommandExecutor.execute(HttpCommandExecutor.java:184)\r\n\tat org.openqa.selenium.remote.service.DriverCommandExecutor.invokeExecute(DriverCommandExecutor.java:167)\r\n\tat org.openqa.selenium.remote.service.DriverCommandExecutor.execute(DriverCommandExecutor.java:142)\r\n\tat org.openqa.selenium.remote.RemoteWebDriver.execute(RemoteWebDriver.java:541)\r\n\tat org.openqa.selenium.remote.ElementLocation$ElementFinder$2.findElement(ElementLocation.java:162)\r\n\tat org.openqa.selenium.remote.ElementLocation.findElement(ElementLocation.java:60)\r\n\tat org.openqa.selenium.remote.RemoteWebDriver.findElement(RemoteWebDriver.java:365)\r\n\tat org.openqa.selenium.remote.RemoteWebDriver.findElement(RemoteWebDriver.java:357)\r\n\tat pageObjectModel.tree.CickonBinaryTrees(tree.java:108)\r\n\tat stepdefinition.ninjaTree.user_click_on_binary_trees_link(ninjaTree.java:181)\r\n\tat ✽.user click on Binary Trees link(file:///E:/Vasanthi-SDET/WorkspaceNew/NinjaProject_A/src/test/resources/Features/TC009_tree.feature:78)\r\n"},"stage":"finished","description":"  I want to use this template for my feature file","steps":[{"name":"When  user click on Binary Trees link","status":"broken","statusDetails":{"known":false,"muted":false,"flaky":false,"message":"no such element: Unable to locate element: {\"method\":\"xpath\",\"selector\":\"//body/div[2]/div[1]/div[1]/div[1]/li[6]/a[1]\"}\n  (Session info: chrome=109.0.5414.75)\nFor documentation on this error, please visit: https://selenium.dev/exceptions/#no_such_element\nBuild info: version: '4.5.3', revision: '4b786a1e430'\nSystem info: os.name: 'Windows 11', os.arch: 'amd64', os.version: '10.0', java.version: '19.0.1'\nDriver info: org.openqa.selenium.chrome.ChromeDriver\nCommand: [129b2ec2175b472edb4395d0fbaf0f62, findElement {using=xpath, value=//body/div[2]/div[1]/div[1]/div[1]/li[6]/a[1]}]\nCapabilities {acceptInsecureCerts: false, browserName: chrome, browserVersion: 109.0.5414.75, chrome: {chromedriverVersion: 109.0.5414.74 (e7c5703604da..., userDataDir: C:\\Users\\thann\\AppData\\Loca...}, goog:chromeOptions: {debuggerAddress: localhost:55272}, networkConnectionEnabled: false, pageLoadStrategy: normal, platformName: WINDOWS, proxy: Proxy(), se:cdp: ws://localhost:55272/devtoo..., se:cdpVersion: 109.0.5414.75, setWindowRect: true, strictFileInteractability: false, timeouts: {implicit: 0, pageLoad: 300000, script: 30000}, unhandledPromptBehavior: dismiss and notify, webauthn:extension:credBlob: true, webauthn:extension:largeBlob: true, webauthn:virtualAuthenticators: true}\nSession ID: 129b2ec2175b472edb4395d0fbaf0f62","trace":"org.openqa.selenium.NoSuchElementException: no such element: Unable to locate element: {\"method\":\"xpath\",\"selector\":\"//body/div[2]/div[1]/div[1]/div[1]/li[6]/a[1]\"}\n  (Session info: chrome=109.0.5414.75)\nFor documentation on this error, please visit: https://selenium.dev/exceptions/#no_such_element\nBuild info: version: '4.5.3', revision: '4b786a1e430'\nSystem info: os.name: 'Windows 11', os.arch: 'amd64', os.version: '10.0', java.version: '19.0.1'\nDriver info: org.openqa.selenium.chrome.ChromeDriver\nCommand: [129b2ec2175b472edb4395d0fbaf0f62, findElement {using=xpath, value=//body/div[2]/div[1]/div[1]/div[1]/li[6]/a[1]}]\nCapabilities {acceptInsecureCerts: false, browserName: chrome, browserVersion: 109.0.5414.75, chrome: {chromedriverVersion: 109.0.5414.74 (e7c5703604da..., userDataDir: C:\\Users\\thann\\AppData\\Loca...}, goog:chromeOptions: {debuggerAddress: localhost:55272}, networkConnectionEnabled: false, pageLoadStrategy: normal, platformName: WINDOWS, proxy: Proxy(), se:cdp: ws://localhost:55272/devtoo..., se:cdpVersion: 109.0.5414.75, setWindowRect: true, strictFileInteractability: false, timeouts: {implicit: 0, pageLoad: 300000, script: 30000}, unhandledPromptBehavior: dismiss and notify, webauthn:extension:credBlob: true, webauthn:extension:largeBlob: true, webauthn:virtualAuthenticators: true}\nSession ID: 129b2ec2175b472edb4395d0fbaf0f62\r\n\tat java.base/jdk.internal.reflect.DirectConstructorHandleAccessor.newInstance(DirectConstructorHandleAccessor.java:67)\r\n\tat java.base/java.lang.reflect.Constructor.newInstanceWithCaller(Constructor.java:500)\r\n\tat java.base/java.lang.reflect.Constructor.newInstance(Constructor.java:484)\r\n\tat org.openqa.selenium.remote.codec.w3c.W3CHttpResponseCodec.createException(W3CHttpResponseCodec.java:200)\r\n\tat org.openqa.selenium.remote.codec.w3c.W3CHttpResponseCodec.decode(W3CHttpResponseCodec.java:133)\r\n\tat org.openqa.selenium.remote.codec.w3c.W3CHttpResponseCodec.decode(W3CHttpResponseCodec.java:53)\r\n\tat org.openqa.selenium.remote.HttpCommandExecutor.execute(HttpCommandExecutor.java:184)\r\n\tat org.openqa.selenium.remote.service.DriverCommandExecutor.invokeExecute(DriverCommandExecutor.java:167)\r\n\tat org.openqa.selenium.remote.service.DriverCommandExecutor.execute(DriverCommandExecutor.java:142)\r\n\tat org.openqa.selenium.remote.RemoteWebDriver.execute(RemoteWebDriver.java:541)\r\n\tat org.openqa.selenium.remote.ElementLocation$ElementFinder$2.findElement(ElementLocation.java:162)\r\n\tat org.openqa.selenium.remote.ElementLocation.findElement(ElementLocation.java:60)\r\n\tat org.openqa.selenium.remote.RemoteWebDriver.findElement(RemoteWebDriver.java:365)\r\n\tat org.openqa.selenium.remote.RemoteWebDriver.findElement(RemoteWebDriver.java:357)\r\n\tat pageObjectModel.tree.CickonBinaryTrees(tree.java:108)\r\n\tat stepdefinition.ninjaTree.user_click_on_binary_trees_link(ninjaTree.java:181)\r\n\tat ✽.user click on Binary Trees link(file:///E:/Vasanthi-SDET/WorkspaceNew/NinjaProject_A/src/test/resources/Features/TC009_tree.feature:78)\r\n"},"stage":"finished","steps":[],"attachments":[],"parameters":[],"start":1674521578973,"stop":1674521578987},{"name":"Then  It should navigate to Binary Trees page with title \"Binary Trees\"","status":"skipped","statusDetails":{"known":false,"muted":false,"flaky":false},"stage":"finished","steps":[],"attachments":[],"parameters":[],"start":1674521578987,"stop":1674521578988},{"name":"When  user click on Try here in Binary Trees page","status":"skipped","statusDetails":{"known":false,"muted":false,"flaky":false},"stage":"finished","steps":[],"attachments":[],"parameters":[],"start":1674521578988,"stop":1674521578988},{"name":"Then  It should navigate to Binary Trees page with title \"Assessment\"","status":"skipped","statusDetails":{"known":false,"muted":false,"flaky":false},"stage":"finished","steps":[],"attachments":[],"parameters":[],"start":1674521578988,"stop":1674521578988},{"name":"When  user enter the Python code in Binary Trees page","status":"skipped","statusDetails":{"known":false,"muted":false,"flaky":false},"stage":"finished","steps":[],"attachments":[],"parameters":[],"start":1674521578988,"stop":1674521578989},{"name":"And  click on run button in Binary Trees page","status":"skipped","statusDetails":{"known":false,"muted":false,"flaky":false},"stage":"finished","steps":[],"attachments":[],"parameters":[],"start":1674521578989,"stop":1674521578989},{"name":"Then  User navigate back to Binary Trees page","status":"skipped","statusDetails":{"known":false,"muted":false,"flaky":false},"stage":"finished","steps":[],"attachments":[],"parameters":[],"start":1674521578989,"stop":1674521578989}],"attachments":[],"parameters":[],"start":1674521578972,"stop":1674521579116}