{"uuid":"aac13ae2-5da4-4ad0-afa7-29b52de858ac","historyId":"b16740655537e14ad4f8128a4191bfaf","fullName":"Stack: User validates Stack page","labels":[{"name":"tag","value":"tag"},{"name":"tag","value":"tagStackOperations"},{"name":"host","value":"VasanthiHemadri"},{"name":"thread","value":"15864@VasanthiHemadri.main(1)"},{"name":"feature","value":"Stack"},{"name":"story","value":"User validates Stack page"},{"name":"suite","value":"Stack"},{"name":"testClass","value":"User validates Stack page"},{"name":"framework","value":"cucumber4jvm"},{"name":"language","value":"java"},{"name":"gherkin_uri","value":"file:///E:/Vasanthi-SDET/WorkspaceNew/NinjaProject_A/src/test/resources/Features/TC007_stack.feature"},{"name":"package","value":"src.test.resources.Features.TC007_stack_feature.Stack"}],"links":[],"name":"User validates Stack page","status":"broken","statusDetails":{"known":false,"muted":false,"flaky":false,"message":"no such window: target window already closed\nfrom unknown error: web view not found\n  (Session info: chrome=109.0.5414.75)\nBuild info: version: '4.5.3', revision: '4b786a1e430'\nSystem info: os.name: 'Windows 11', os.arch: 'amd64', os.version: '10.0', java.version: '19.0.1'\nDriver info: org.openqa.selenium.chrome.ChromeDriver\nCommand: [d76052f0f77b99a53a3a71b2853ae614, get {url=https://dsportalapp.herokuapp.com/home}]\nCapabilities {acceptInsecureCerts: false, browserName: chrome, browserVersion: 109.0.5414.75, chrome: {chromedriverVersion: 109.0.5414.74 (e7c5703604da..., userDataDir: C:\\Users\\thann\\AppData\\Loca...}, goog:chromeOptions: {debuggerAddress: localhost:65078}, networkConnectionEnabled: false, pageLoadStrategy: normal, platformName: WINDOWS, proxy: Proxy(), se:cdp: ws://localhost:65078/devtoo..., se:cdpVersion: 109.0.5414.75, setWindowRect: true, strictFileInteractability: false, timeouts: {implicit: 0, pageLoad: 300000, script: 30000}, unhandledPromptBehavior: dismiss and notify, webauthn:extension:credBlob: true, webauthn:extension:largeBlob: true, webauthn:virtualAuthenticators: true}\nSession ID: d76052f0f77b99a53a3a71b2853ae614","trace":"org.openqa.selenium.NoSuchWindowException: no such window: target window already closed\nfrom unknown error: web view not found\n  (Session info: chrome=109.0.5414.75)\nBuild info: version: '4.5.3', revision: '4b786a1e430'\nSystem info: os.name: 'Windows 11', os.arch: 'amd64', os.version: '10.0', java.version: '19.0.1'\nDriver info: org.openqa.selenium.chrome.ChromeDriver\nCommand: [d76052f0f77b99a53a3a71b2853ae614, get {url=https://dsportalapp.herokuapp.com/home}]\nCapabilities {acceptInsecureCerts: false, browserName: chrome, browserVersion: 109.0.5414.75, chrome: {chromedriverVersion: 109.0.5414.74 (e7c5703604da..., userDataDir: C:\\Users\\thann\\AppData\\Loca...}, goog:chromeOptions: {debuggerAddress: localhost:65078}, networkConnectionEnabled: false, pageLoadStrategy: normal, platformName: WINDOWS, proxy: Proxy(), se:cdp: ws://localhost:65078/devtoo..., se:cdpVersion: 109.0.5414.75, setWindowRect: true, strictFileInteractability: false, timeouts: {implicit: 0, pageLoad: 300000, script: 30000}, unhandledPromptBehavior: dismiss and notify, webauthn:extension:credBlob: true, webauthn:extension:largeBlob: true, webauthn:virtualAuthenticators: true}\nSession ID: d76052f0f77b99a53a3a71b2853ae614\r\n\tat java.base/jdk.internal.reflect.DirectConstructorHandleAccessor.newInstance(DirectConstructorHandleAccessor.java:67)\r\n\tat java.base/java.lang.reflect.Constructor.newInstanceWithCaller(Constructor.java:500)\r\n\tat java.base/java.lang.reflect.Constructor.newInstance(Constructor.java:484)\r\n\tat org.openqa.selenium.remote.codec.w3c.W3CHttpResponseCodec.createException(W3CHttpResponseCodec.java:200)\r\n\tat org.openqa.selenium.remote.codec.w3c.W3CHttpResponseCodec.decode(W3CHttpResponseCodec.java:133)\r\n\tat org.openqa.selenium.remote.codec.w3c.W3CHttpResponseCodec.decode(W3CHttpResponseCodec.java:53)\r\n\tat org.openqa.selenium.remote.HttpCommandExecutor.execute(HttpCommandExecutor.java:184)\r\n\tat org.openqa.selenium.remote.service.DriverCommandExecutor.invokeExecute(DriverCommandExecutor.java:167)\r\n\tat org.openqa.selenium.remote.service.DriverCommandExecutor.execute(DriverCommandExecutor.java:142)\r\n\tat org.openqa.selenium.remote.RemoteWebDriver.execute(RemoteWebDriver.java:541)\r\n\tat org.openqa.selenium.remote.RemoteWebDriver.get(RemoteWebDriver.java:310)\r\n\tat stepdefinition.ninjaStack.the_user_is_in_ninja_home_page_Stack(ninjaStack.java:13)\r\n\tat ✽.The user is in Ninja home page Stack \"https://dsportalapp.herokuapp.com/home\"(file:///E:/Vasanthi-SDET/WorkspaceNew/NinjaProject_A/src/test/resources/Features/TC007_stack.feature:25)\r\n"},"stage":"finished","description":"  I want to use this template for my feature file","steps":[{"name":"Given  The user is in Ninja home page Stack \"https://dsportalapp.herokuapp.com/home\"","status":"broken","statusDetails":{"known":false,"muted":false,"flaky":false,"message":"no such window: target window already closed\nfrom unknown error: web view not found\n  (Session info: chrome=109.0.5414.75)\nBuild info: version: '4.5.3', revision: '4b786a1e430'\nSystem info: os.name: 'Windows 11', os.arch: 'amd64', os.version: '10.0', java.version: '19.0.1'\nDriver info: org.openqa.selenium.chrome.ChromeDriver\nCommand: [d76052f0f77b99a53a3a71b2853ae614, get {url=https://dsportalapp.herokuapp.com/home}]\nCapabilities {acceptInsecureCerts: false, browserName: chrome, browserVersion: 109.0.5414.75, chrome: {chromedriverVersion: 109.0.5414.74 (e7c5703604da..., userDataDir: C:\\Users\\thann\\AppData\\Loca...}, goog:chromeOptions: {debuggerAddress: localhost:65078}, networkConnectionEnabled: false, pageLoadStrategy: normal, platformName: WINDOWS, proxy: Proxy(), se:cdp: ws://localhost:65078/devtoo..., se:cdpVersion: 109.0.5414.75, setWindowRect: true, strictFileInteractability: false, timeouts: {implicit: 0, pageLoad: 300000, script: 30000}, unhandledPromptBehavior: dismiss and notify, webauthn:extension:credBlob: true, webauthn:extension:largeBlob: true, webauthn:virtualAuthenticators: true}\nSession ID: d76052f0f77b99a53a3a71b2853ae614","trace":"org.openqa.selenium.NoSuchWindowException: no such window: target window already closed\nfrom unknown error: web view not found\n  (Session info: chrome=109.0.5414.75)\nBuild info: version: '4.5.3', revision: '4b786a1e430'\nSystem info: os.name: 'Windows 11', os.arch: 'amd64', os.version: '10.0', java.version: '19.0.1'\nDriver info: org.openqa.selenium.chrome.ChromeDriver\nCommand: [d76052f0f77b99a53a3a71b2853ae614, get {url=https://dsportalapp.herokuapp.com/home}]\nCapabilities {acceptInsecureCerts: false, browserName: chrome, browserVersion: 109.0.5414.75, chrome: {chromedriverVersion: 109.0.5414.74 (e7c5703604da..., userDataDir: C:\\Users\\thann\\AppData\\Loca...}, goog:chromeOptions: {debuggerAddress: localhost:65078}, networkConnectionEnabled: false, pageLoadStrategy: normal, platformName: WINDOWS, proxy: Proxy(), se:cdp: ws://localhost:65078/devtoo..., se:cdpVersion: 109.0.5414.75, setWindowRect: true, strictFileInteractability: false, timeouts: {implicit: 0, pageLoad: 300000, script: 30000}, unhandledPromptBehavior: dismiss and notify, webauthn:extension:credBlob: true, webauthn:extension:largeBlob: true, webauthn:virtualAuthenticators: true}\nSession ID: d76052f0f77b99a53a3a71b2853ae614\r\n\tat java.base/jdk.internal.reflect.DirectConstructorHandleAccessor.newInstance(DirectConstructorHandleAccessor.java:67)\r\n\tat java.base/java.lang.reflect.Constructor.newInstanceWithCaller(Constructor.java:500)\r\n\tat java.base/java.lang.reflect.Constructor.newInstance(Constructor.java:484)\r\n\tat org.openqa.selenium.remote.codec.w3c.W3CHttpResponseCodec.createException(W3CHttpResponseCodec.java:200)\r\n\tat org.openqa.selenium.remote.codec.w3c.W3CHttpResponseCodec.decode(W3CHttpResponseCodec.java:133)\r\n\tat org.openqa.selenium.remote.codec.w3c.W3CHttpResponseCodec.decode(W3CHttpResponseCodec.java:53)\r\n\tat org.openqa.selenium.remote.HttpCommandExecutor.execute(HttpCommandExecutor.java:184)\r\n\tat org.openqa.selenium.remote.service.DriverCommandExecutor.invokeExecute(DriverCommandExecutor.java:167)\r\n\tat org.openqa.selenium.remote.service.DriverCommandExecutor.execute(DriverCommandExecutor.java:142)\r\n\tat org.openqa.selenium.remote.RemoteWebDriver.execute(RemoteWebDriver.java:541)\r\n\tat org.openqa.selenium.remote.RemoteWebDriver.get(RemoteWebDriver.java:310)\r\n\tat stepdefinition.ninjaStack.the_user_is_in_ninja_home_page_Stack(ninjaStack.java:13)\r\n\tat ✽.The user is in Ninja home page Stack \"https://dsportalapp.herokuapp.com/home\"(file:///E:/Vasanthi-SDET/WorkspaceNew/NinjaProject_A/src/test/resources/Features/TC007_stack.feature:25)\r\n"},"stage":"finished","steps":[],"attachments":[],"parameters":[],"start":1674538014396,"stop":1674538014400},{"name":"When  user clicks on Get Started button under Stack","status":"skipped","statusDetails":{"known":false,"muted":false,"flaky":false},"stage":"finished","steps":[],"attachments":[],"parameters":[],"start":1674538014401,"stop":1674538014401},{"name":"Then  It should navigate to corresponding stack page with title \"Stack\"","status":"skipped","statusDetails":{"known":false,"muted":false,"flaky":false},"stage":"finished","steps":[],"attachments":[],"parameters":[],"start":1674538014401,"stop":1674538014401},{"name":"When  user clicks on the link Operations in Stack","status":"skipped","statusDetails":{"known":false,"muted":false,"flaky":false},"stage":"finished","steps":[],"attachments":[],"parameters":[],"start":1674538014402,"stop":1674538014402},{"name":"Then  It should navigate to corresponding Operations stack page with title \"Operations in Stack\"","status":"skipped","statusDetails":{"known":false,"muted":false,"flaky":false},"stage":"finished","steps":[],"attachments":[],"parameters":[],"start":1674538014402,"stop":1674538014402},{"name":"When  user click on Try here link in Operations in Stack page","status":"skipped","statusDetails":{"known":false,"muted":false,"flaky":false},"stage":"finished","steps":[],"attachments":[],"parameters":[],"start":1674538014402,"stop":1674538014403},{"name":"Then  It should navigate to Operations in Stack Assessment page with title \"Assessment\"","status":"skipped","statusDetails":{"known":false,"muted":false,"flaky":false},"stage":"finished","steps":[],"attachments":[],"parameters":[],"start":1674538014403,"stop":1674538014403},{"name":"When  user enters the code in Stack page","status":"skipped","statusDetails":{"known":false,"muted":false,"flaky":false},"stage":"finished","steps":[],"attachments":[],"parameters":[],"start":1674538014403,"stop":1674538014403},{"name":"And  click on run button in Stack page","status":"skipped","statusDetails":{"known":false,"muted":false,"flaky":false},"stage":"finished","steps":[],"attachments":[],"parameters":[],"start":1674538014403,"stop":1674538014404},{"name":"Then  User navigate back in Stack page","status":"skipped","statusDetails":{"known":false,"muted":false,"flaky":false},"stage":"finished","steps":[],"attachments":[],"parameters":[],"start":1674538014404,"stop":1674538014404}],"attachments":[],"parameters":[],"start":1674538014393,"stop":1674538014410}