{"uuid":"ad02879c-0320-4662-8135-643e9e7dea0c","historyId":"6739ad377c4233b99cf504db97cdc23","fullName":"Linklist: User validates LinkList Introduction page","labels":[{"name":"tag","value":"tag"},{"name":"tag","value":"taglinkIntro"},{"name":"host","value":"VasanthiHemadri"},{"name":"thread","value":"15864@VasanthiHemadri.main(1)"},{"name":"feature","value":"Linklist"},{"name":"story","value":"User validates LinkList Introduction page"},{"name":"suite","value":"Linklist"},{"name":"testClass","value":"User validates LinkList Introduction page"},{"name":"framework","value":"cucumber4jvm"},{"name":"language","value":"java"},{"name":"gherkin_uri","value":"file:///E:/Vasanthi-SDET/WorkspaceNew/NinjaProject_A/src/test/resources/Features/TC006_linkList.feature"},{"name":"package","value":"src.test.resources.Features.TC006_linkList_feature.Linklist"}],"links":[],"name":"User validates LinkList Introduction page","status":"broken","statusDetails":{"known":false,"muted":false,"flaky":false,"message":"no such window: target window already closed\nfrom unknown error: web view not found\n  (Session info: chrome=109.0.5414.75)\nBuild info: version: '4.5.3', revision: '4b786a1e430'\nSystem info: os.name: 'Windows 11', os.arch: 'amd64', os.version: '10.0', java.version: '19.0.1'\nDriver info: org.openqa.selenium.chrome.ChromeDriver\nCommand: [d76052f0f77b99a53a3a71b2853ae614, get {url=https://dsportalapp.herokuapp.com/home}]\nCapabilities {acceptInsecureCerts: false, browserName: chrome, browserVersion: 109.0.5414.75, chrome: {chromedriverVersion: 109.0.5414.74 (e7c5703604da..., userDataDir: C:\\Users\\thann\\AppData\\Loca...}, goog:chromeOptions: {debuggerAddress: localhost:65078}, networkConnectionEnabled: false, pageLoadStrategy: normal, platformName: WINDOWS, proxy: Proxy(), se:cdp: ws://localhost:65078/devtoo..., se:cdpVersion: 109.0.5414.75, setWindowRect: true, strictFileInteractability: false, timeouts: {implicit: 0, pageLoad: 300000, script: 30000}, unhandledPromptBehavior: dismiss and notify, webauthn:extension:credBlob: true, webauthn:extension:largeBlob: true, webauthn:virtualAuthenticators: true}\nSession ID: d76052f0f77b99a53a3a71b2853ae614","trace":"org.openqa.selenium.NoSuchWindowException: no such window: target window already closed\nfrom unknown error: web view not found\n  (Session info: chrome=109.0.5414.75)\nBuild info: version: '4.5.3', revision: '4b786a1e430'\nSystem info: os.name: 'Windows 11', os.arch: 'amd64', os.version: '10.0', java.version: '19.0.1'\nDriver info: org.openqa.selenium.chrome.ChromeDriver\nCommand: [d76052f0f77b99a53a3a71b2853ae614, get {url=https://dsportalapp.herokuapp.com/home}]\nCapabilities {acceptInsecureCerts: false, browserName: chrome, browserVersion: 109.0.5414.75, chrome: {chromedriverVersion: 109.0.5414.74 (e7c5703604da..., userDataDir: C:\\Users\\thann\\AppData\\Loca...}, goog:chromeOptions: {debuggerAddress: localhost:65078}, networkConnectionEnabled: false, pageLoadStrategy: normal, platformName: WINDOWS, proxy: Proxy(), se:cdp: ws://localhost:65078/devtoo..., se:cdpVersion: 109.0.5414.75, setWindowRect: true, strictFileInteractability: false, timeouts: {implicit: 0, pageLoad: 300000, script: 30000}, unhandledPromptBehavior: dismiss and notify, webauthn:extension:credBlob: true, webauthn:extension:largeBlob: true, webauthn:virtualAuthenticators: true}\nSession ID: d76052f0f77b99a53a3a71b2853ae614\r\n\tat java.base/jdk.internal.reflect.DirectConstructorHandleAccessor.newInstance(DirectConstructorHandleAccessor.java:67)\r\n\tat java.base/java.lang.reflect.Constructor.newInstanceWithCaller(Constructor.java:500)\r\n\tat java.base/java.lang.reflect.Constructor.newInstance(Constructor.java:484)\r\n\tat org.openqa.selenium.remote.codec.w3c.W3CHttpResponseCodec.createException(W3CHttpResponseCodec.java:200)\r\n\tat org.openqa.selenium.remote.codec.w3c.W3CHttpResponseCodec.decode(W3CHttpResponseCodec.java:133)\r\n\tat org.openqa.selenium.remote.codec.w3c.W3CHttpResponseCodec.decode(W3CHttpResponseCodec.java:53)\r\n\tat org.openqa.selenium.remote.HttpCommandExecutor.execute(HttpCommandExecutor.java:184)\r\n\tat org.openqa.selenium.remote.service.DriverCommandExecutor.invokeExecute(DriverCommandExecutor.java:167)\r\n\tat org.openqa.selenium.remote.service.DriverCommandExecutor.execute(DriverCommandExecutor.java:142)\r\n\tat org.openqa.selenium.remote.RemoteWebDriver.execute(RemoteWebDriver.java:541)\r\n\tat org.openqa.selenium.remote.RemoteWebDriver.get(RemoteWebDriver.java:310)\r\n\tat stepdefinition.ninjaLinkedList.the_user_is_in_ninja_home_page(ninjaLinkedList.java:14)\r\n\tat ✽.The user is in Ninja home page \"https://dsportalapp.herokuapp.com/home\"(file:///E:/Vasanthi-SDET/WorkspaceNew/NinjaProject_A/src/test/resources/Features/TC006_linkList.feature:25)\r\n"},"stage":"finished","description":"  I want to use this template for my feature file","steps":[{"name":"Given  The user is in Ninja home page \"https://dsportalapp.herokuapp.com/home\"","status":"broken","statusDetails":{"known":false,"muted":false,"flaky":false,"message":"no such window: target window already closed\nfrom unknown error: web view not found\n  (Session info: chrome=109.0.5414.75)\nBuild info: version: '4.5.3', revision: '4b786a1e430'\nSystem info: os.name: 'Windows 11', os.arch: 'amd64', os.version: '10.0', java.version: '19.0.1'\nDriver info: org.openqa.selenium.chrome.ChromeDriver\nCommand: [d76052f0f77b99a53a3a71b2853ae614, get {url=https://dsportalapp.herokuapp.com/home}]\nCapabilities {acceptInsecureCerts: false, browserName: chrome, browserVersion: 109.0.5414.75, chrome: {chromedriverVersion: 109.0.5414.74 (e7c5703604da..., userDataDir: C:\\Users\\thann\\AppData\\Loca...}, goog:chromeOptions: {debuggerAddress: localhost:65078}, networkConnectionEnabled: false, pageLoadStrategy: normal, platformName: WINDOWS, proxy: Proxy(), se:cdp: ws://localhost:65078/devtoo..., se:cdpVersion: 109.0.5414.75, setWindowRect: true, strictFileInteractability: false, timeouts: {implicit: 0, pageLoad: 300000, script: 30000}, unhandledPromptBehavior: dismiss and notify, webauthn:extension:credBlob: true, webauthn:extension:largeBlob: true, webauthn:virtualAuthenticators: true}\nSession ID: d76052f0f77b99a53a3a71b2853ae614","trace":"org.openqa.selenium.NoSuchWindowException: no such window: target window already closed\nfrom unknown error: web view not found\n  (Session info: chrome=109.0.5414.75)\nBuild info: version: '4.5.3', revision: '4b786a1e430'\nSystem info: os.name: 'Windows 11', os.arch: 'amd64', os.version: '10.0', java.version: '19.0.1'\nDriver info: org.openqa.selenium.chrome.ChromeDriver\nCommand: [d76052f0f77b99a53a3a71b2853ae614, get {url=https://dsportalapp.herokuapp.com/home}]\nCapabilities {acceptInsecureCerts: false, browserName: chrome, browserVersion: 109.0.5414.75, chrome: {chromedriverVersion: 109.0.5414.74 (e7c5703604da..., userDataDir: C:\\Users\\thann\\AppData\\Loca...}, goog:chromeOptions: {debuggerAddress: localhost:65078}, networkConnectionEnabled: false, pageLoadStrategy: normal, platformName: WINDOWS, proxy: Proxy(), se:cdp: ws://localhost:65078/devtoo..., se:cdpVersion: 109.0.5414.75, setWindowRect: true, strictFileInteractability: false, timeouts: {implicit: 0, pageLoad: 300000, script: 30000}, unhandledPromptBehavior: dismiss and notify, webauthn:extension:credBlob: true, webauthn:extension:largeBlob: true, webauthn:virtualAuthenticators: true}\nSession ID: d76052f0f77b99a53a3a71b2853ae614\r\n\tat java.base/jdk.internal.reflect.DirectConstructorHandleAccessor.newInstance(DirectConstructorHandleAccessor.java:67)\r\n\tat java.base/java.lang.reflect.Constructor.newInstanceWithCaller(Constructor.java:500)\r\n\tat java.base/java.lang.reflect.Constructor.newInstance(Constructor.java:484)\r\n\tat org.openqa.selenium.remote.codec.w3c.W3CHttpResponseCodec.createException(W3CHttpResponseCodec.java:200)\r\n\tat org.openqa.selenium.remote.codec.w3c.W3CHttpResponseCodec.decode(W3CHttpResponseCodec.java:133)\r\n\tat org.openqa.selenium.remote.codec.w3c.W3CHttpResponseCodec.decode(W3CHttpResponseCodec.java:53)\r\n\tat org.openqa.selenium.remote.HttpCommandExecutor.execute(HttpCommandExecutor.java:184)\r\n\tat org.openqa.selenium.remote.service.DriverCommandExecutor.invokeExecute(DriverCommandExecutor.java:167)\r\n\tat org.openqa.selenium.remote.service.DriverCommandExecutor.execute(DriverCommandExecutor.java:142)\r\n\tat org.openqa.selenium.remote.RemoteWebDriver.execute(RemoteWebDriver.java:541)\r\n\tat org.openqa.selenium.remote.RemoteWebDriver.get(RemoteWebDriver.java:310)\r\n\tat stepdefinition.ninjaLinkedList.the_user_is_in_ninja_home_page(ninjaLinkedList.java:14)\r\n\tat ✽.The user is in Ninja home page \"https://dsportalapp.herokuapp.com/home\"(file:///E:/Vasanthi-SDET/WorkspaceNew/NinjaProject_A/src/test/resources/Features/TC006_linkList.feature:25)\r\n"},"stage":"finished","steps":[],"attachments":[],"parameters":[],"start":1674538014100,"stop":1674538014106},{"name":"When  user click on Get Started button on Linklist","status":"skipped","statusDetails":{"known":false,"muted":false,"flaky":false},"stage":"finished","steps":[],"attachments":[],"parameters":[],"start":1674538014106,"stop":1674538014107},{"name":"Then  It should navigate to appropriate page with title \"Linked List\"","status":"skipped","statusDetails":{"known":false,"muted":false,"flaky":false},"stage":"finished","steps":[],"attachments":[],"parameters":[],"start":1674538014107,"stop":1674538014107},{"name":"When  user click on Introduction link","status":"skipped","statusDetails":{"known":false,"muted":false,"flaky":false},"stage":"finished","steps":[],"attachments":[],"parameters":[],"start":1674538014107,"stop":1674538014107},{"name":"Then  It should navigate to appropriate page with title Introduction \"Introduction\"","status":"skipped","statusDetails":{"known":false,"muted":false,"flaky":false},"stage":"finished","steps":[],"attachments":[],"parameters":[],"start":1674538014108,"stop":1674538014108},{"name":"When  user click on Try here button in Introduction page","status":"skipped","statusDetails":{"known":false,"muted":false,"flaky":false},"stage":"finished","steps":[],"attachments":[],"parameters":[],"start":1674538014108,"stop":1674538014108},{"name":"Then  It should navigate to appropriate page with title Assessment \"Assessment\"","status":"skipped","statusDetails":{"known":false,"muted":false,"flaky":false},"stage":"finished","steps":[],"attachments":[],"parameters":[],"start":1674538014109,"stop":1674538014109},{"name":"When  user enter the code in linklist assesement page","status":"skipped","statusDetails":{"known":false,"muted":false,"flaky":false},"stage":"finished","steps":[],"attachments":[],"parameters":[],"start":1674538014109,"stop":1674538014109},{"name":"And  click on run button in linklist assesement page","status":"skipped","statusDetails":{"known":false,"muted":false,"flaky":false},"stage":"finished","steps":[],"attachments":[],"parameters":[],"start":1674538014110,"stop":1674538014110},{"name":"Then  User navigate back from linklist assesement page","status":"skipped","statusDetails":{"known":false,"muted":false,"flaky":false},"stage":"finished","steps":[],"attachments":[],"parameters":[],"start":1674538014110,"stop":1674538014111}],"attachments":[],"parameters":[],"start":1674538014096,"stop":1674538014118}