{"uuid":"d3569f70-82bd-4fd2-b0a1-8c72a395ae9a","historyId":"c0bbe4bb10f3b8ea2f10b51647c149ed","fullName":"Tree: User validate Implementation in Python page","labels":[{"name":"tag","value":"tag"},{"name":"tag","value":"tagtreeImplementation"},{"name":"host","value":"VasanthiHemadri"},{"name":"thread","value":"15864@VasanthiHemadri.main(1)"},{"name":"feature","value":"Tree"},{"name":"story","value":"User validate Implementation in Python page"},{"name":"suite","value":"Tree"},{"name":"testClass","value":"User validate Implementation in Python page"},{"name":"framework","value":"cucumber4jvm"},{"name":"language","value":"java"},{"name":"gherkin_uri","value":"file:///E:/Vasanthi-SDET/WorkspaceNew/NinjaProject_A/src/test/resources/Features/TC009_tree.feature"},{"name":"package","value":"src.test.resources.Features.TC009_tree_feature.Tree"}],"links":[],"name":"User validate Implementation in Python page","status":"broken","statusDetails":{"known":false,"muted":false,"flaky":false,"message":"no such window: target window already closed\nfrom unknown error: web view not found\n  (Session info: chrome=109.0.5414.75)\nBuild info: version: '4.5.3', revision: '4b786a1e430'\nSystem info: os.name: 'Windows 11', os.arch: 'amd64', os.version: '10.0', java.version: '19.0.1'\nDriver info: org.openqa.selenium.chrome.ChromeDriver\nCommand: [d76052f0f77b99a53a3a71b2853ae614, findElement {using=xpath, value=//a[contains(text(),'Implementation in Python')]}]\nCapabilities {acceptInsecureCerts: false, browserName: chrome, browserVersion: 109.0.5414.75, chrome: {chromedriverVersion: 109.0.5414.74 (e7c5703604da..., userDataDir: C:\\Users\\thann\\AppData\\Loca...}, goog:chromeOptions: {debuggerAddress: localhost:65078}, networkConnectionEnabled: false, pageLoadStrategy: normal, platformName: WINDOWS, proxy: Proxy(), se:cdp: ws://localhost:65078/devtoo..., se:cdpVersion: 109.0.5414.75, setWindowRect: true, strictFileInteractability: false, timeouts: {implicit: 0, pageLoad: 300000, script: 30000}, unhandledPromptBehavior: dismiss and notify, webauthn:extension:credBlob: true, webauthn:extension:largeBlob: true, webauthn:virtualAuthenticators: true}\nSession ID: d76052f0f77b99a53a3a71b2853ae614","trace":"org.openqa.selenium.NoSuchWindowException: no such window: target window already closed\nfrom unknown error: web view not found\n  (Session info: chrome=109.0.5414.75)\nBuild info: version: '4.5.3', revision: '4b786a1e430'\nSystem info: os.name: 'Windows 11', os.arch: 'amd64', os.version: '10.0', java.version: '19.0.1'\nDriver info: org.openqa.selenium.chrome.ChromeDriver\nCommand: [d76052f0f77b99a53a3a71b2853ae614, findElement {using=xpath, value=//a[contains(text(),'Implementation in Python')]}]\nCapabilities {acceptInsecureCerts: false, browserName: chrome, browserVersion: 109.0.5414.75, chrome: {chromedriverVersion: 109.0.5414.74 (e7c5703604da..., userDataDir: C:\\Users\\thann\\AppData\\Loca...}, goog:chromeOptions: {debuggerAddress: localhost:65078}, networkConnectionEnabled: false, pageLoadStrategy: normal, platformName: WINDOWS, proxy: Proxy(), se:cdp: ws://localhost:65078/devtoo..., se:cdpVersion: 109.0.5414.75, setWindowRect: true, strictFileInteractability: false, timeouts: {implicit: 0, pageLoad: 300000, script: 30000}, unhandledPromptBehavior: dismiss and notify, webauthn:extension:credBlob: true, webauthn:extension:largeBlob: true, webauthn:virtualAuthenticators: true}\nSession ID: d76052f0f77b99a53a3a71b2853ae614\r\n\tat java.base/jdk.internal.reflect.DirectConstructorHandleAccessor.newInstance(DirectConstructorHandleAccessor.java:67)\r\n\tat java.base/java.lang.reflect.Constructor.newInstanceWithCaller(Constructor.java:500)\r\n\tat java.base/java.lang.reflect.Constructor.newInstance(Constructor.java:484)\r\n\tat org.openqa.selenium.remote.codec.w3c.W3CHttpResponseCodec.createException(W3CHttpResponseCodec.java:200)\r\n\tat org.openqa.selenium.remote.codec.w3c.W3CHttpResponseCodec.decode(W3CHttpResponseCodec.java:133)\r\n\tat org.openqa.selenium.remote.codec.w3c.W3CHttpResponseCodec.decode(W3CHttpResponseCodec.java:53)\r\n\tat org.openqa.selenium.remote.HttpCommandExecutor.execute(HttpCommandExecutor.java:184)\r\n\tat org.openqa.selenium.remote.service.DriverCommandExecutor.invokeExecute(DriverCommandExecutor.java:167)\r\n\tat org.openqa.selenium.remote.service.DriverCommandExecutor.execute(DriverCommandExecutor.java:142)\r\n\tat org.openqa.selenium.remote.RemoteWebDriver.execute(RemoteWebDriver.java:541)\r\n\tat org.openqa.selenium.remote.ElementLocation$ElementFinder$2.findElement(ElementLocation.java:162)\r\n\tat org.openqa.selenium.remote.ElementLocation.findElement(ElementLocation.java:60)\r\n\tat org.openqa.selenium.remote.RemoteWebDriver.findElement(RemoteWebDriver.java:365)\r\n\tat org.openqa.selenium.remote.RemoteWebDriver.findElement(RemoteWebDriver.java:357)\r\n\tat pageObjectModel.tree.CickonImplementationPython(tree.java:125)\r\n\tat stepdefinition.ninjaTree.user_click_on_implementation_in_python_link(ninjaTree.java:255)\r\n\tat ✽.user click on Implementation in Python link(file:///E:/Vasanthi-SDET/WorkspaceNew/NinjaProject_A/src/test/resources/Features/TC009_tree.feature:98)\r\n"},"stage":"finished","description":"  I want to use this template for my feature file","steps":[{"name":"When  user click on Implementation in Python link","status":"broken","statusDetails":{"known":false,"muted":false,"flaky":false,"message":"no such window: target window already closed\nfrom unknown error: web view not found\n  (Session info: chrome=109.0.5414.75)\nBuild info: version: '4.5.3', revision: '4b786a1e430'\nSystem info: os.name: 'Windows 11', os.arch: 'amd64', os.version: '10.0', java.version: '19.0.1'\nDriver info: org.openqa.selenium.chrome.ChromeDriver\nCommand: [d76052f0f77b99a53a3a71b2853ae614, findElement {using=xpath, value=//a[contains(text(),'Implementation in Python')]}]\nCapabilities {acceptInsecureCerts: false, browserName: chrome, browserVersion: 109.0.5414.75, chrome: {chromedriverVersion: 109.0.5414.74 (e7c5703604da..., userDataDir: C:\\Users\\thann\\AppData\\Loca...}, goog:chromeOptions: {debuggerAddress: localhost:65078}, networkConnectionEnabled: false, pageLoadStrategy: normal, platformName: WINDOWS, proxy: Proxy(), se:cdp: ws://localhost:65078/devtoo..., se:cdpVersion: 109.0.5414.75, setWindowRect: true, strictFileInteractability: false, timeouts: {implicit: 0, pageLoad: 300000, script: 30000}, unhandledPromptBehavior: dismiss and notify, webauthn:extension:credBlob: true, webauthn:extension:largeBlob: true, webauthn:virtualAuthenticators: true}\nSession ID: d76052f0f77b99a53a3a71b2853ae614","trace":"org.openqa.selenium.NoSuchWindowException: no such window: target window already closed\nfrom unknown error: web view not found\n  (Session info: chrome=109.0.5414.75)\nBuild info: version: '4.5.3', revision: '4b786a1e430'\nSystem info: os.name: 'Windows 11', os.arch: 'amd64', os.version: '10.0', java.version: '19.0.1'\nDriver info: org.openqa.selenium.chrome.ChromeDriver\nCommand: [d76052f0f77b99a53a3a71b2853ae614, findElement {using=xpath, value=//a[contains(text(),'Implementation in Python')]}]\nCapabilities {acceptInsecureCerts: false, browserName: chrome, browserVersion: 109.0.5414.75, chrome: {chromedriverVersion: 109.0.5414.74 (e7c5703604da..., userDataDir: C:\\Users\\thann\\AppData\\Loca...}, goog:chromeOptions: {debuggerAddress: localhost:65078}, networkConnectionEnabled: false, pageLoadStrategy: normal, platformName: WINDOWS, proxy: Proxy(), se:cdp: ws://localhost:65078/devtoo..., se:cdpVersion: 109.0.5414.75, setWindowRect: true, strictFileInteractability: false, timeouts: {implicit: 0, pageLoad: 300000, script: 30000}, unhandledPromptBehavior: dismiss and notify, webauthn:extension:credBlob: true, webauthn:extension:largeBlob: true, webauthn:virtualAuthenticators: true}\nSession ID: d76052f0f77b99a53a3a71b2853ae614\r\n\tat java.base/jdk.internal.reflect.DirectConstructorHandleAccessor.newInstance(DirectConstructorHandleAccessor.java:67)\r\n\tat java.base/java.lang.reflect.Constructor.newInstanceWithCaller(Constructor.java:500)\r\n\tat java.base/java.lang.reflect.Constructor.newInstance(Constructor.java:484)\r\n\tat org.openqa.selenium.remote.codec.w3c.W3CHttpResponseCodec.createException(W3CHttpResponseCodec.java:200)\r\n\tat org.openqa.selenium.remote.codec.w3c.W3CHttpResponseCodec.decode(W3CHttpResponseCodec.java:133)\r\n\tat org.openqa.selenium.remote.codec.w3c.W3CHttpResponseCodec.decode(W3CHttpResponseCodec.java:53)\r\n\tat org.openqa.selenium.remote.HttpCommandExecutor.execute(HttpCommandExecutor.java:184)\r\n\tat org.openqa.selenium.remote.service.DriverCommandExecutor.invokeExecute(DriverCommandExecutor.java:167)\r\n\tat org.openqa.selenium.remote.service.DriverCommandExecutor.execute(DriverCommandExecutor.java:142)\r\n\tat org.openqa.selenium.remote.RemoteWebDriver.execute(RemoteWebDriver.java:541)\r\n\tat org.openqa.selenium.remote.ElementLocation$ElementFinder$2.findElement(ElementLocation.java:162)\r\n\tat org.openqa.selenium.remote.ElementLocation.findElement(ElementLocation.java:60)\r\n\tat org.openqa.selenium.remote.RemoteWebDriver.findElement(RemoteWebDriver.java:365)\r\n\tat org.openqa.selenium.remote.RemoteWebDriver.findElement(RemoteWebDriver.java:357)\r\n\tat pageObjectModel.tree.CickonImplementationPython(tree.java:125)\r\n\tat stepdefinition.ninjaTree.user_click_on_implementation_in_python_link(ninjaTree.java:255)\r\n\tat ✽.user click on Implementation in Python link(file:///E:/Vasanthi-SDET/WorkspaceNew/NinjaProject_A/src/test/resources/Features/TC009_tree.feature:98)\r\n"},"stage":"finished","steps":[],"attachments":[],"parameters":[],"start":1674538014996,"stop":1674538015000},{"name":"Then  It should navigate to Implementation in Python page with title \"Implementation in Python\"","status":"skipped","statusDetails":{"known":false,"muted":false,"flaky":false},"stage":"finished","steps":[],"attachments":[],"parameters":[],"start":1674538015001,"stop":1674538015002},{"name":"When  user click on Try here in Implementation in Python page","status":"skipped","statusDetails":{"known":false,"muted":false,"flaky":false},"stage":"finished","steps":[],"attachments":[],"parameters":[],"start":1674538015002,"stop":1674538015003},{"name":"Then  It should navigate to Implementation in Python page with title \"Assessment\"","status":"skipped","statusDetails":{"known":false,"muted":false,"flaky":false},"stage":"finished","steps":[],"attachments":[],"parameters":[],"start":1674538015003,"stop":1674538015003},{"name":"When  user enter the Python code in Implementation in Python page","status":"skipped","statusDetails":{"known":false,"muted":false,"flaky":false},"stage":"finished","steps":[],"attachments":[],"parameters":[],"start":1674538015003,"stop":1674538015004},{"name":"And  click on run button in Implementation in Python page","status":"skipped","statusDetails":{"known":false,"muted":false,"flaky":false},"stage":"finished","steps":[],"attachments":[],"parameters":[],"start":1674538015004,"stop":1674538015004},{"name":"Then  User navigate back to Implementation in Python page","status":"skipped","statusDetails":{"known":false,"muted":false,"flaky":false},"stage":"finished","steps":[],"attachments":[],"parameters":[],"start":1674538015005,"stop":1674538015005}],"attachments":[],"parameters":[],"start":1674538014995,"stop":1674538015010}