-------------------------------------------------------------------------------
Test set: testRunner.TestRunnerninja
-------------------------------------------------------------------------------
Tests run: 27, Failures: 0, Errors: 11, Skipped: 0, Time elapsed: 149.711 s <<< FAILURE! - in testRunner.TestRunnerninja
Register.Create a new user via the dsportalapp Portal  Time elapsed: 6.339 s  <<< ERROR!
org.openqa.selenium.NoSuchElementException: 
no such element: Unable to locate element: {"method":"xpath","selector":"//a[contains(text(),'Sign out')]"}
  (Session info: chrome=109.0.5414.75)
For documentation on this error, please visit: https://selenium.dev/exceptions/#no_such_element
Build info: version: '4.5.3', revision: '4b786a1e430'
System info: os.name: 'Windows 11', os.arch: 'amd64', os.version: '10.0', java.version: '19.0.1'
Driver info: org.openqa.selenium.chrome.ChromeDriver
Command: [dbb7cc34fb9c811a65cbde044f6f01d9, findElement {using=xpath, value=//a[contains(text(),'Sign out')]}]
Capabilities {acceptInsecureCerts: false, browserName: chrome, browserVersion: 109.0.5414.75, chrome: {chromedriverVersion: 109.0.5414.74 (e7c5703604da..., userDataDir: C:\Users\thann\AppData\Loca...}, goog:chromeOptions: {debuggerAddress: localhost:56126}, networkConnectionEnabled: false, pageLoadStrategy: normal, platformName: WINDOWS, proxy: Proxy(), se:cdp: ws://localhost:56126/devtoo..., se:cdpVersion: 109.0.5414.75, setWindowRect: true, strictFileInteractability: false, timeouts: {implicit: 0, pageLoad: 300000, script: 30000}, unhandledPromptBehavior: dismiss and notify, webauthn:extension:credBlob: true, webauthn:extension:largeBlob: true, webauthn:virtualAuthenticators: true}
Session ID: dbb7cc34fb9c811a65cbde044f6f01d9
	at java.base/jdk.internal.reflect.DirectConstructorHandleAccessor.newInstance(DirectConstructorHandleAccessor.java:67)
	at java.base/java.lang.reflect.Constructor.newInstanceWithCaller(Constructor.java:500)
	at java.base/java.lang.reflect.Constructor.newInstance(Constructor.java:484)
	at org.openqa.selenium.remote.codec.w3c.W3CHttpResponseCodec.createException(W3CHttpResponseCodec.java:200)
	at org.openqa.selenium.remote.codec.w3c.W3CHttpResponseCodec.decode(W3CHttpResponseCodec.java:133)
	at org.openqa.selenium.remote.codec.w3c.W3CHttpResponseCodec.decode(W3CHttpResponseCodec.java:53)
	at org.openqa.selenium.remote.HttpCommandExecutor.execute(HttpCommandExecutor.java:184)
	at org.openqa.selenium.remote.service.DriverCommandExecutor.invokeExecute(DriverCommandExecutor.java:167)
	at org.openqa.selenium.remote.service.DriverCommandExecutor.execute(DriverCommandExecutor.java:142)
	at org.openqa.selenium.remote.RemoteWebDriver.execute(RemoteWebDriver.java:541)
	at org.openqa.selenium.remote.ElementLocation$ElementFinder$2.findElement(ElementLocation.java:162)
	at org.openqa.selenium.remote.ElementLocation.findElement(ElementLocation.java:60)
	at org.openqa.selenium.remote.RemoteWebDriver.findElement(RemoteWebDriver.java:365)
	at org.openqa.selenium.remote.RemoteWebDriver.findElement(RemoteWebDriver.java:357)
	at pageObjectModel.registration.clickOnSignOut(registration.java:55)
	at stepdefinition.ninjaRegistration.user_clicks_on_sign_out_link(ninjaRegistration.java:42)
	at âœ½.user clicks on 'Sign Out link(file:///E:/Vasanthi-SDET/WorkspaceNew/NinjaProject_A/src/test/resources/Features/TC001_Registration.feature:30)

HomePage.User validates Home page  Time elapsed: 0.726 s  <<< ERROR!
org.openqa.selenium.NoSuchElementException: 
no such element: Unable to locate element: {"method":"xpath","selector":"//div[contains(text(),'You are not logged in')]"}
  (Session info: chrome=109.0.5414.75)
For documentation on this error, please visit: https://selenium.dev/exceptions/#no_such_element
Build info: version: '4.5.3', revision: '4b786a1e430'
System info: os.name: 'Windows 11', os.arch: 'amd64', os.version: '10.0', java.version: '19.0.1'
Driver info: org.openqa.selenium.chrome.ChromeDriver
Command: [dbb7cc34fb9c811a65cbde044f6f01d9, findElement {using=xpath, value=//div[contains(text(),'You are not logged in')]}]
Capabilities {acceptInsecureCerts: false, browserName: chrome, browserVersion: 109.0.5414.75, chrome: {chromedriverVersion: 109.0.5414.74 (e7c5703604da..., userDataDir: C:\Users\thann\AppData\Loca...}, goog:chromeOptions: {debuggerAddress: localhost:56126}, networkConnectionEnabled: false, pageLoadStrategy: normal, platformName: WINDOWS, proxy: Proxy(), se:cdp: ws://localhost:56126/devtoo..., se:cdpVersion: 109.0.5414.75, setWindowRect: true, strictFileInteractability: false, timeouts: {implicit: 0, pageLoad: 300000, script: 30000}, unhandledPromptBehavior: dismiss and notify, webauthn:extension:credBlob: true, webauthn:extension:largeBlob: true, webauthn:virtualAuthenticators: true}
Session ID: dbb7cc34fb9c811a65cbde044f6f01d9
	at java.base/jdk.internal.reflect.DirectConstructorHandleAccessor.newInstance(DirectConstructorHandleAccessor.java:67)
	at java.base/java.lang.reflect.Constructor.newInstanceWithCaller(Constructor.java:500)
	at java.base/java.lang.reflect.Constructor.newInstance(Constructor.java:484)
	at org.openqa.selenium.remote.codec.w3c.W3CHttpResponseCodec.createException(W3CHttpResponseCodec.java:200)
	at org.openqa.selenium.remote.codec.w3c.W3CHttpResponseCodec.decode(W3CHttpResponseCodec.java:133)
	at org.openqa.selenium.remote.codec.w3c.W3CHttpResponseCodec.decode(W3CHttpResponseCodec.java:53)
	at org.openqa.selenium.remote.HttpCommandExecutor.execute(HttpCommandExecutor.java:184)
	at org.openqa.selenium.remote.service.DriverCommandExecutor.invokeExecute(DriverCommandExecutor.java:167)
	at org.openqa.selenium.remote.service.DriverCommandExecutor.execute(DriverCommandExecutor.java:142)
	at org.openqa.selenium.remote.RemoteWebDriver.execute(RemoteWebDriver.java:541)
	at org.openqa.selenium.remote.ElementLocation$ElementFinder$2.findElement(ElementLocation.java:162)
	at org.openqa.selenium.remote.ElementLocation.findElement(ElementLocation.java:60)
	at org.openqa.selenium.remote.RemoteWebDriver.findElement(RemoteWebDriver.java:365)
	at org.openqa.selenium.remote.RemoteWebDriver.findElement(RemoteWebDriver.java:357)
	at pageObjectModel.homePage.loginalert(homePage.java:38)
	at stepdefinition.ninjaHomePage.it_should_alert_the_user_with_the_message(ninjaHomePage.java:34)
	at âœ½.It should Alert the user with the message "You are not logged in"(file:///E:/Vasanthi-SDET/WorkspaceNew/NinjaProject_A/src/test/resources/Features/TC003_homePage.feature:29)

Array.User validates Array Page  Time elapsed: 0.089 s  <<< ERROR!
io.cucumber.junit.UndefinedStepException: 
The step 'The user is in Ninja home page Array "https://dsportalapp.herokuapp.com/home"' and 9 other step(s) are undefined.
You can implement these steps using the snippet(s) below:

@Given("The user is in Ninja home page Array {string}")
public void the_user_is_in_ninja_home_page_array(String string) {
    // Write code here that turns the phrase above into concrete actions
    throw new io.cucumber.java.PendingException();
}
@Then("click on Get started button under array")
public void click_on_get_started_button_under_array() {
    // Write code here that turns the phrase above into concrete actions
    throw new io.cucumber.java.PendingException();
}
@Then("It should navigate to corresponding Array page with title {string}")
public void it_should_navigate_to_corresponding_array_page_with_title(String string) {
    // Write code here that turns the phrase above into concrete actions
    throw new io.cucumber.java.PendingException();
}
@When("user click on Arrays in Phython link")
public void user_click_on_arrays_in_phython_link() {
    // Write code here that turns the phrase above into concrete actions
    throw new io.cucumber.java.PendingException();
}
@When("It should navigate to corresponding Arrays in Python page with title {string}")
public void it_should_navigate_to_corresponding_arrays_in_python_page_with_title(String string) {
    // Write code here that turns the phrase above into concrete actions
    throw new io.cucumber.java.PendingException();
}
@Then("user click on Try here in Arrays in Python page")
public void user_click_on_try_here_in_arrays_in_python_page() {
    // Write code here that turns the phrase above into concrete actions
    throw new io.cucumber.java.PendingException();
}
@Then("It should navigate to corresponding Arrays in Python Assessment page with title {string}")
public void it_should_navigate_to_corresponding_arrays_in_python_assessment_page_with_title(String string) {
    // Write code here that turns the phrase above into concrete actions
    throw new io.cucumber.java.PendingException();
}
@When("user enter the Python code in Arrays in Python page")
public void user_enter_the_python_code_in_arrays_in_python_page() {
    // Write code here that turns the phrase above into concrete actions
    throw new io.cucumber.java.PendingException();
}
@When("click on run button in Arrays in Python Assessment page")
public void click_on_run_button_in_arrays_in_python_assessment_page() {
    // Write code here that turns the phrase above into concrete actions
    throw new io.cucumber.java.PendingException();
}
@Then("User navigates back to Arrays in Python page")
public void user_navigates_back_to_arrays_in_python_page() {
    // Write code here that turns the phrase above into concrete actions
    throw new io.cucumber.java.PendingException();
}


Array.User validate Arrays using list page  Time elapsed: 0.029 s  <<< ERROR!
io.cucumber.junit.UndefinedStepException: 
The step 'User click on Arrays using list' and 6 other step(s) are undefined.
You can implement these steps using the snippet(s) below:

@When("User click on Arrays using list")
public void user_click_on_arrays_using_list() {
    // Write code here that turns the phrase above into concrete actions
    throw new io.cucumber.java.PendingException();
}
@When("It should navigate to corresponding Arrays Using List page with title {string}")
public void it_should_navigate_to_corresponding_arrays_using_list_page_with_title(String string) {
    // Write code here that turns the phrase above into concrete actions
    throw new io.cucumber.java.PendingException();
}
@Then("user click on Try here in Arrays Using List page")
public void user_click_on_try_here_in_arrays_using_list_page() {
    // Write code here that turns the phrase above into concrete actions
    throw new io.cucumber.java.PendingException();
}
@Then("It should navigate to corresponding Arrays Using List Assessment page with title {string}")
public void it_should_navigate_to_corresponding_arrays_using_list_assessment_page_with_title(String string) {
    // Write code here that turns the phrase above into concrete actions
    throw new io.cucumber.java.PendingException();
}
@When("user enter the Python code in Arrays Using List page")
public void user_enter_the_python_code_in_arrays_using_list_page() {
    // Write code here that turns the phrase above into concrete actions
    throw new io.cucumber.java.PendingException();
}
@When("click on run button in Arrays Using List Assessment page")
public void click_on_run_button_in_arrays_using_list_assessment_page() {
    // Write code here that turns the phrase above into concrete actions
    throw new io.cucumber.java.PendingException();
}
@Then("User navigate back to Arrays Using List page")
public void user_navigate_back_to_arrays_using_list_page() {
    // Write code here that turns the phrase above into concrete actions
    throw new io.cucumber.java.PendingException();
}


Array.User validate Basic Operations in list page  Time elapsed: 0.024 s  <<< ERROR!
io.cucumber.junit.UndefinedStepException: 
The step 'User click on Basic Operations in list' and 6 other step(s) are undefined.
You can implement these steps using the snippet(s) below:

@When("User click on Basic Operations in list")
public void user_click_on_basic_operations_in_list() {
    // Write code here that turns the phrase above into concrete actions
    throw new io.cucumber.java.PendingException();
}
@When("It should navigate to corresponding Operations in list page with title {string}")
public void it_should_navigate_to_corresponding_operations_in_list_page_with_title(String string) {
    // Write code here that turns the phrase above into concrete actions
    throw new io.cucumber.java.PendingException();
}
@Then("user click on Try here in Operations in list page")
public void user_click_on_try_here_in_operations_in_list_page() {
    // Write code here that turns the phrase above into concrete actions
    throw new io.cucumber.java.PendingException();
}
@Then("It should navigate to corresponding Operations in list Assessment page with title {string}")
public void it_should_navigate_to_corresponding_operations_in_list_assessment_page_with_title(String string) {
    // Write code here that turns the phrase above into concrete actions
    throw new io.cucumber.java.PendingException();
}
@When("user enter the Python code in Operations in list page")
public void user_enter_the_python_code_in_operations_in_list_page() {
    // Write code here that turns the phrase above into concrete actions
    throw new io.cucumber.java.PendingException();
}
@When("click on run button in Operations in list Assessment page")
public void click_on_run_button_in_operations_in_list_assessment_page() {
    // Write code here that turns the phrase above into concrete actions
    throw new io.cucumber.java.PendingException();
}
@Then("User navigate back to Operations in list page")
public void user_navigate_back_to_operations_in_list_page() {
    // Write code here that turns the phrase above into concrete actions
    throw new io.cucumber.java.PendingException();
}


Array.User validate Applications of Array page  Time elapsed: 0.041 s  <<< ERROR!
io.cucumber.junit.UndefinedStepException: 
The step 'User click on Applications of Array' and 6 other step(s) are undefined.
You can implement these steps using the snippet(s) below:

@When("User click on Applications of Array")
public void user_click_on_applications_of_array() {
    // Write code here that turns the phrase above into concrete actions
    throw new io.cucumber.java.PendingException();
}
@When("It should navigate to corresponding Applications of Array page with title {string}")
public void it_should_navigate_to_corresponding_applications_of_array_page_with_title(String string) {
    // Write code here that turns the phrase above into concrete actions
    throw new io.cucumber.java.PendingException();
}
@Then("user click on Try here in Applications of Array page")
public void user_click_on_try_here_in_applications_of_array_page() {
    // Write code here that turns the phrase above into concrete actions
    throw new io.cucumber.java.PendingException();
}
@Then("It should navigate to corresponding Applications of Array Assessment page with title {string}")
public void it_should_navigate_to_corresponding_applications_of_array_assessment_page_with_title(String string) {
    // Write code here that turns the phrase above into concrete actions
    throw new io.cucumber.java.PendingException();
}
@When("user enter the Python code in Applications of Array page")
public void user_enter_the_python_code_in_applications_of_array_page() {
    // Write code here that turns the phrase above into concrete actions
    throw new io.cucumber.java.PendingException();
}
@When("click on run button in Applications of Array page")
public void click_on_run_button_in_applications_of_array_page() {
    // Write code here that turns the phrase above into concrete actions
    throw new io.cucumber.java.PendingException();
}
@Then("User navigate back to Applications of Array page")
public void user_navigate_back_to_applications_of_array_page() {
    // Write code here that turns the phrase above into concrete actions
    throw new io.cucumber.java.PendingException();
}


Array.User validate Practice Questions page  Time elapsed: 0.017 s  <<< ERROR!
io.cucumber.junit.UndefinedStepException: 
The step 'user click on Practice Questions' and 1 other step(s) are undefined.
You can implement these steps using the snippet(s) below:

@When("user click on Practice Questions")
public void user_click_on_practice_questions() {
    // Write code here that turns the phrase above into concrete actions
    throw new io.cucumber.java.PendingException();
}
@When("It should navigate to corresponding Practice Questions page with title {string}")
public void it_should_navigate_to_corresponding_practice_questions_page_with_title(String string) {
    // Write code here that turns the phrase above into concrete actions
    throw new io.cucumber.java.PendingException();
}


Array.User validates Search the array page  Time elapsed: 0.019 s  <<< ERROR!
io.cucumber.junit.UndefinedStepException: 
The step 'user click on Search the array link' and 3 other step(s) are undefined.
You can implement these steps using the snippet(s) below:

@When("user click on Search the array link")
public void user_click_on_search_the_array_link() {
    // Write code here that turns the phrase above into concrete actions
    throw new io.cucumber.java.PendingException();
}
@When("It should navigate to corresponding Search the array page with title {string}")
public void it_should_navigate_to_corresponding_search_the_array_page_with_title(String string) {
    // Write code here that turns the phrase above into concrete actions
    throw new io.cucumber.java.PendingException();
}
@When("click on run button in Search the array page")
public void click_on_run_button_in_search_the_array_page() {
    // Write code here that turns the phrase above into concrete actions
    throw new io.cucumber.java.PendingException();
}
@Then("User navigate back to Search the array page")
public void user_navigate_back_to_search_the_array_page() {
    // Write code here that turns the phrase above into concrete actions
    throw new io.cucumber.java.PendingException();
}


Array.User validates Max Consecutive Ones page  Time elapsed: 0.02 s  <<< ERROR!
io.cucumber.junit.UndefinedStepException: 
The step 'user clicks on Max Consecutive Ones link' and 4 other step(s) are undefined.
You can implement these steps using the snippet(s) below:

@When("user clicks on Max Consecutive Ones link")
public void user_clicks_on_max_consecutive_ones_link() {
    // Write code here that turns the phrase above into concrete actions
    throw new io.cucumber.java.PendingException();
}
@When("It should navigate to corresponding Max Consecutive Ones page with title {string}")
public void it_should_navigate_to_corresponding_max_consecutive_ones_page_with_title(String string) {
    // Write code here that turns the phrase above into concrete actions
    throw new io.cucumber.java.PendingException();
}
@When("user clear the text and enter the Python code in Max Consecutive Ones page print\\({string})")
public void user_clear_the_text_and_enter_the_python_code_in_max_consecutive_ones_page_print(String string) {
    // Write code here that turns the phrase above into concrete actions
    throw new io.cucumber.java.PendingException();
}
@When("click on run button in Max Consecutive Ones Assessment page")
public void click_on_run_button_in_max_consecutive_ones_assessment_page() {
    // Write code here that turns the phrase above into concrete actions
    throw new io.cucumber.java.PendingException();
}
@Then("User navigate back to Max Consecutive Ones")
public void user_navigate_back_to_max_consecutive_ones() {
    // Write code here that turns the phrase above into concrete actions
    throw new io.cucumber.java.PendingException();
}


Array.User validate Even Number page  Time elapsed: 0.024 s  <<< ERROR!
io.cucumber.junit.UndefinedStepException: 
The step 'user click on Find Numbers with Even Number of Digits' and 4 other step(s) are undefined.
You can implement these steps using the snippet(s) below:

@When("user click on Find Numbers with Even Number of Digits")
public void user_click_on_find_numbers_with_even_number_of_digits() {
    // Write code here that turns the phrase above into concrete actions
    throw new io.cucumber.java.PendingException();
}
@When("It should navigate to corresponding Even Number page with title {string}")
public void it_should_navigate_to_corresponding_even_number_page_with_title(String string) {
    // Write code here that turns the phrase above into concrete actions
    throw new io.cucumber.java.PendingException();
}
@When("user clear the text and enter the Python code in Even Number Assessment page print\\({string})")
public void user_clear_the_text_and_enter_the_python_code_in_even_number_assessment_page_print(String string) {
    // Write code here that turns the phrase above into concrete actions
    throw new io.cucumber.java.PendingException();
}
@When("click on run button in Even Number page")
public void click_on_run_button_in_even_number_page() {
    // Write code here that turns the phrase above into concrete actions
    throw new io.cucumber.java.PendingException();
}
@Then("User navigate back to Even Number page")
public void user_navigate_back_to_even_number_page() {
    // Write code here that turns the phrase above into concrete actions
    throw new io.cucumber.java.PendingException();
}


Array.User validate Sorted Array page  Time elapsed: 0.02 s  <<< ERROR!
io.cucumber.junit.UndefinedStepException: 
The step 'user click on Find Numbers with Squares of  a Sorted Array' and 4 other step(s) are undefined.
You can implement these steps using the snippet(s) below:

@When("user click on Find Numbers with Squares of  a Sorted Array")
public void user_click_on_find_numbers_with_squares_of_a_sorted_array() {
    // Write code here that turns the phrase above into concrete actions
    throw new io.cucumber.java.PendingException();
}
@When("It should navigate to corresponding Sorted Array page with title {string}")
public void it_should_navigate_to_corresponding_sorted_array_page_with_title(String string) {
    // Write code here that turns the phrase above into concrete actions
    throw new io.cucumber.java.PendingException();
}
@When("user clear the text and enter the Python code in Sorted Array Assessment page print\\({string})")
public void user_clear_the_text_and_enter_the_python_code_in_sorted_array_assessment_page_print(String string) {
    // Write code here that turns the phrase above into concrete actions
    throw new io.cucumber.java.PendingException();
}
@When("click on run button in Sorted Array page")
public void click_on_run_button_in_sorted_array_page() {
    // Write code here that turns the phrase above into concrete actions
    throw new io.cucumber.java.PendingException();
}
@Then("user is navigated to home page from Sorted Array page {string}")
public void user_is_navigated_to_home_page_from_sorted_array_page(String string) {
    // Write code here that turns the phrase above into concrete actions
    throw new io.cucumber.java.PendingException();
}


